0 info it worked if it ends with ok
1 verbose cli [ 'node',
1 verbose cli   '/usr/local/bin/npm',
1 verbose cli   'install',
1 verbose cli   '-g',
1 verbose cli   'bower',
1 verbose cli   'grunt-cli' ]
2 info using npm@1.4.23
3 info using node@v0.10.31
4 verbose cache add [ 'bower', null ]
5 verbose cache add name=undefined spec="bower" args=["bower",null]
6 verbose parsed url { protocol: null,
6 verbose parsed url   slashes: null,
6 verbose parsed url   auth: null,
6 verbose parsed url   host: null,
6 verbose parsed url   port: null,
6 verbose parsed url   hostname: null,
6 verbose parsed url   hash: null,
6 verbose parsed url   search: null,
6 verbose parsed url   query: null,
6 verbose parsed url   pathname: 'bower',
6 verbose parsed url   path: 'bower',
6 verbose parsed url   href: 'bower' }
7 verbose cache add [ 'grunt-cli', null ]
8 verbose cache add name=undefined spec="grunt-cli" args=["grunt-cli",null]
9 verbose parsed url { protocol: null,
9 verbose parsed url   slashes: null,
9 verbose parsed url   auth: null,
9 verbose parsed url   host: null,
9 verbose parsed url   port: null,
9 verbose parsed url   hostname: null,
9 verbose parsed url   hash: null,
9 verbose parsed url   search: null,
9 verbose parsed url   query: null,
9 verbose parsed url   pathname: 'grunt-cli',
9 verbose parsed url   path: 'grunt-cli',
9 verbose parsed url   href: 'grunt-cli' }
10 silly lockFile 206e3ce5-bower bower
11 verbose lock bower /Users/Emma01/.npm/206e3ce5-bower.lock
12 silly lockFile 671ef8ac-grunt-cli grunt-cli
13 verbose lock grunt-cli /Users/Emma01/.npm/671ef8ac-grunt-cli.lock
14 silly lockFile 206e3ce5-bower bower
15 silly lockFile 206e3ce5-bower bower
16 silly lockFile 671ef8ac-grunt-cli grunt-cli
17 silly lockFile 671ef8ac-grunt-cli grunt-cli
18 verbose addNamed [ 'bower', '' ]
19 verbose addNamed [ null, '*' ]
20 silly lockFile 1240aab1-bower bower@
21 verbose lock bower@ /Users/Emma01/.npm/1240aab1-bower.lock
22 verbose addNamed [ 'grunt-cli', '' ]
23 verbose addNamed [ null, '*' ]
24 silly lockFile d63f3d0b-grunt-cli grunt-cli@
25 verbose lock grunt-cli@ /Users/Emma01/.npm/d63f3d0b-grunt-cli.lock
26 silly addNameRange { name: 'bower', range: '*', hasData: false }
27 verbose request where is /bower
28 verbose request registry https://registry.npmjs.org/
29 verbose request id cc047ad174e0f7ae
30 verbose url raw /bower
31 verbose url resolving [ 'https://registry.npmjs.org/', './bower' ]
32 verbose url resolved https://registry.npmjs.org/bower
33 verbose request where is https://registry.npmjs.org/bower
34 info trying registry request attempt 1 at 15:55:37
35 http GET https://registry.npmjs.org/bower
36 silly addNameRange { name: 'grunt-cli', range: '*', hasData: false }
37 verbose request where is /grunt-cli
38 verbose request registry https://registry.npmjs.org/
39 verbose url raw /grunt-cli
40 verbose url resolving [ 'https://registry.npmjs.org/', './grunt-cli' ]
41 verbose url resolved https://registry.npmjs.org/grunt-cli
42 verbose request where is https://registry.npmjs.org/grunt-cli
43 info trying registry request attempt 1 at 15:55:37
44 http GET https://registry.npmjs.org/grunt-cli
45 http 200 https://registry.npmjs.org/bower
46 silly registry.get cb [ 200,
46 silly registry.get   { date: 'Sun, 07 Sep 2014 14:55:38 GMT',
46 silly registry.get     server: 'CouchDB/1.5.0 (Erlang OTP/R16B03)',
46 silly registry.get     etag: '"9WQET6GYB7QHG5UFTGDH0KLIN"',
46 silly registry.get     'content-type': 'application/json',
46 silly registry.get     'cache-control': 'max-age=60',
46 silly registry.get     'content-length': '98700',
46 silly registry.get     'accept-ranges': 'bytes',
46 silly registry.get     via: '1.1 varnish',
46 silly registry.get     age: '788',
46 silly registry.get     'x-served-by': 'cache-lcy1122-LCY',
46 silly registry.get     'x-cache': 'HIT',
46 silly registry.get     'x-cache-hits': '1',
46 silly registry.get     'x-timer': 'S1410101738.814425,VS0,VE0',
46 silly registry.get     vary: 'Accept',
46 silly registry.get     'keep-alive': 'timeout=10, max=50',
46 silly registry.get     connection: 'Keep-Alive' } ]
47 http 200 https://registry.npmjs.org/grunt-cli
48 silly registry.get cb [ 200,
48 silly registry.get   { date: 'Sun, 07 Sep 2014 14:55:39 GMT',
48 silly registry.get     server: 'CouchDB/1.5.0 (Erlang OTP/R16B03)',
48 silly registry.get     etag: '"54QNW6NQ2WNHWUGFJR6BHGBXZ"',
48 silly registry.get     'content-type': 'application/json',
48 silly registry.get     'cache-control': 'max-age=60',
48 silly registry.get     'content-length': '19876',
48 silly registry.get     'accept-ranges': 'bytes',
48 silly registry.get     via: '1.1 varnish',
48 silly registry.get     age: '145',
48 silly registry.get     'x-served-by': 'cache-lcy1135-LCY',
48 silly registry.get     'x-cache': 'HIT',
48 silly registry.get     'x-cache-hits': '1',
48 silly registry.get     'x-timer': 'S1410101738.773053,VS0,VE360',
48 silly registry.get     vary: 'Accept',
48 silly registry.get     'keep-alive': 'timeout=10, max=50',
48 silly registry.get     connection: 'Keep-Alive' } ]
49 silly addNameRange number 2 { name: 'grunt-cli', range: '*', hasData: true }
50 silly addNameRange versions [ 'grunt-cli',
50 silly addNameRange   [ '0.1.0',
50 silly addNameRange     '0.1.1',
50 silly addNameRange     '0.1.2',
50 silly addNameRange     '0.1.3',
50 silly addNameRange     '0.1.4',
50 silly addNameRange     '0.1.5',
50 silly addNameRange     '0.1.6',
50 silly addNameRange     '0.1.7',
50 silly addNameRange     '0.1.8',
50 silly addNameRange     '0.1.9',
50 silly addNameRange     '0.1.10',
50 silly addNameRange     '0.1.11',
50 silly addNameRange     '0.1.12',
50 silly addNameRange     '0.1.13' ] ]
51 verbose addNamed [ 'grunt-cli', '0.1.13' ]
52 verbose addNamed [ '0.1.13', '0.1.13' ]
53 silly lockFile 28997503-grunt-cli-0-1-13 grunt-cli@0.1.13
54 verbose lock grunt-cli@0.1.13 /Users/Emma01/.npm/28997503-grunt-cli-0-1-13.lock
55 silly addNameRange number 2 { name: 'bower', range: '*', hasData: true }
56 silly addNameRange versions [ 'bower',
56 silly addNameRange   [ '0.1.0',
56 silly addNameRange     '0.1.2',
56 silly addNameRange     '0.1.3',
56 silly addNameRange     '0.2.0',
56 silly addNameRange     '0.3.0',
56 silly addNameRange     '0.3.1',
56 silly addNameRange     '0.3.2',
56 silly addNameRange     '0.4.0',
56 silly addNameRange     '0.5.0',
56 silly addNameRange     '0.5.1',
56 silly addNameRange     '0.6.0',
56 silly addNameRange     '0.6.1',
56 silly addNameRange     '0.6.2',
56 silly addNameRange     '0.6.3',
56 silly addNameRange     '0.6.4',
56 silly addNameRange     '0.6.5',
56 silly addNameRange     '0.6.6',
56 silly addNameRange     '0.6.7',
56 silly addNameRange     '0.6.8',
56 silly addNameRange     '0.7.0',
56 silly addNameRange     '0.7.1',
56 silly addNameRange     '0.8.0',
56 silly addNameRange     '0.8.1',
56 silly addNameRange     '0.8.2',
56 silly addNameRange     '0.8.3',
56 silly addNameRange     '0.8.4',
56 silly addNameRange     '0.8.5',
56 silly addNameRange     '0.8.6',
56 silly addNameRange     '0.9.0',
56 silly addNameRange     '0.9.1',
56 silly addNameRange     '0.9.2',
56 silly addNameRange     '0.10.0',
56 silly addNameRange     '1.0.0',
56 silly addNameRange     '1.0.1',
56 silly addNameRange     '1.0.2',
56 silly addNameRange     '1.0.3',
56 silly addNameRange     '1.1.0',
56 silly addNameRange     '1.1.1',
56 silly addNameRange     '1.1.2',
56 silly addNameRange     '1.2.0',
56 silly addNameRange     '1.2.1',
56 silly addNameRange     '1.2.2',
56 silly addNameRange     '1.2.3',
56 silly addNameRange     '1.2.4',
56 silly addNameRange     '1.2.5',
56 silly addNameRange     '1.2.6',
56 silly addNameRange     '1.2.7',
56 silly addNameRange     '1.2.8',
56 silly addNameRange     '1.3.0',
56 silly addNameRange     '1.3.1',
56 silly addNameRange     '1.3.2',
56 silly addNameRange     '1.3.3',
56 silly addNameRange     '1.3.4',
56 silly addNameRange     '1.3.5',
56 silly addNameRange     '1.3.6',
56 silly addNameRange     '1.3.7',
56 silly addNameRange     '1.3.8',
56 silly addNameRange     '1.3.9' ] ]
57 verbose addNamed [ 'bower', '1.3.9' ]
58 verbose addNamed [ '1.3.9', '1.3.9' ]
59 silly lockFile 4c0b32f5-bower-1-3-9 bower@1.3.9
60 verbose lock bower@1.3.9 /Users/Emma01/.npm/4c0b32f5-bower-1-3-9.lock
61 silly lockFile ab76c46e-g-grunt-cli-grunt-cli-0-1-13-tgz https://registry.npmjs.org/grunt-cli/-/grunt-cli-0.1.13.tgz
62 verbose lock https://registry.npmjs.org/grunt-cli/-/grunt-cli-0.1.13.tgz /Users/Emma01/.npm/ab76c46e-g-grunt-cli-grunt-cli-0-1-13-tgz.lock
63 silly lockFile e985d5e5--npmjs-org-bower-bower-1-3-9-tgz https://registry.npmjs.org/bower/-/bower-1.3.9.tgz
64 verbose lock https://registry.npmjs.org/bower/-/bower-1.3.9.tgz /Users/Emma01/.npm/e985d5e5--npmjs-org-bower-bower-1-3-9-tgz.lock
65 verbose addRemoteTarball [ 'https://registry.npmjs.org/grunt-cli/-/grunt-cli-0.1.13.tgz',
65 verbose addRemoteTarball   'e9ebc4047631f5012d922770c39378133cad10f4' ]
66 verbose addRemoteTarball [ 'https://registry.npmjs.org/bower/-/bower-1.3.9.tgz',
66 verbose addRemoteTarball   '786d4addfc523e875089ccc1ef8d5a6d6e91a2c6' ]
67 info retry fetch attempt 1 at 15:55:40
68 verbose fetch to= /var/folders/8g/wrzh_w8x16q7dm9fnx27g71r0000gq/T/npm-6008-Z__KYd4U/registry.npmjs.org/bower/-/bower-1.3.9.tgz
69 info retry fetch attempt 1 at 15:55:40
70 verbose fetch to= /var/folders/8g/wrzh_w8x16q7dm9fnx27g71r0000gq/T/npm-6008-Z__KYd4U/registry.npmjs.org/grunt-cli/-/grunt-cli-0.1.13.tgz
71 http GET https://registry.npmjs.org/bower/-/bower-1.3.9.tgz
72 http GET https://registry.npmjs.org/grunt-cli/-/grunt-cli-0.1.13.tgz
73 http 200 https://registry.npmjs.org/bower/-/bower-1.3.9.tgz
74 http 200 https://registry.npmjs.org/grunt-cli/-/grunt-cli-0.1.13.tgz
75 silly lockFile ab76c46e-g-grunt-cli-grunt-cli-0-1-13-tgz https://registry.npmjs.org/grunt-cli/-/grunt-cli-0.1.13.tgz
76 silly lockFile ab76c46e-g-grunt-cli-grunt-cli-0-1-13-tgz https://registry.npmjs.org/grunt-cli/-/grunt-cli-0.1.13.tgz
77 silly lockFile 28997503-grunt-cli-0-1-13 grunt-cli@0.1.13
78 silly lockFile 28997503-grunt-cli-0-1-13 grunt-cli@0.1.13
79 silly lockFile d63f3d0b-grunt-cli grunt-cli@
80 silly lockFile d63f3d0b-grunt-cli grunt-cli@
81 silly lockFile e985d5e5--npmjs-org-bower-bower-1-3-9-tgz https://registry.npmjs.org/bower/-/bower-1.3.9.tgz
82 silly lockFile e985d5e5--npmjs-org-bower-bower-1-3-9-tgz https://registry.npmjs.org/bower/-/bower-1.3.9.tgz
83 silly lockFile 4c0b32f5-bower-1-3-9 bower@1.3.9
84 silly lockFile 4c0b32f5-bower-1-3-9 bower@1.3.9
85 silly lockFile 1240aab1-bower bower@
86 silly lockFile 1240aab1-bower bower@
87 silly resolved [ { name: 'grunt-cli',
87 silly resolved     description: 'The grunt command line interface.',
87 silly resolved     version: '0.1.13',
87 silly resolved     author: { name: 'Grunt Team' },
87 silly resolved     homepage: 'http://gruntjs.com/',
87 silly resolved     repository: { type: 'git', url: 'git://github.com/gruntjs/grunt-cli.git' },
87 silly resolved     bugs: { url: 'http://github.com/gruntjs/grunt-cli/issues' },
87 silly resolved     licenses: [ [Object] ],
87 silly resolved     bin: { grunt: 'bin/grunt' },
87 silly resolved     engines: { node: '>= 0.8.0' },
87 silly resolved     scripts: { test: 'node bin/grunt test' },
87 silly resolved     preferGlobal: true,
87 silly resolved     dependencies: { nopt: '~1.0.10', 'findup-sync': '~0.1.0', resolve: '~0.3.1' },
87 silly resolved     devDependencies: { grunt: '~0.4.0', 'grunt-contrib-jshint': '~0.2.0' },
87 silly resolved     contributors: [ [Object], [Object], [Object], [Object] ],
87 silly resolved     _id: 'grunt-cli@0.1.13',
87 silly resolved     dist:
87 silly resolved      { shasum: 'e9ebc4047631f5012d922770c39378133cad10f4',
87 silly resolved        tarball: 'http://registry.npmjs.org/grunt-cli/-/grunt-cli-0.1.13.tgz' },
87 silly resolved     _from: 'grunt-cli@',
87 silly resolved     _npmVersion: '1.3.24',
87 silly resolved     _npmUser: { name: 'tkellen', email: 'tyler@sleekcode.net' },
87 silly resolved     maintainers: [ [Object] ],
87 silly resolved     directories: {},
87 silly resolved     _shasum: 'e9ebc4047631f5012d922770c39378133cad10f4',
87 silly resolved     _resolved: 'https://registry.npmjs.org/grunt-cli/-/grunt-cli-0.1.13.tgz' },
87 silly resolved   { name: 'bower',
87 silly resolved     version: '1.3.9',
87 silly resolved     description: 'The browser package manager',
87 silly resolved     author: { name: 'Twitter' },
87 silly resolved     licenses: [ [Object] ],
87 silly resolved     repository: { type: 'git', url: 'git://github.com/bower/bower' },
87 silly resolved     main: 'lib',
87 silly resolved     homepage: 'http://bower.io',
87 silly resolved     engines: { node: '>=0.10.0' },
87 silly resolved     dependencies:
87 silly resolved      { abbrev: '~1.0.4',
87 silly resolved        archy: '0.0.2',
87 silly resolved        'bower-config': '~0.5.2',
87 silly resolved        'bower-endpoint-parser': '~0.2.2',
87 silly resolved        'bower-json': '~0.4.0',
87 silly resolved        'bower-logger': '~0.2.2',
87 silly resolved        'bower-registry-client': '~0.2.0',
87 silly resolved        cardinal: '~0.4.0',
87 silly resolved        chalk: '~0.5.0',
87 silly resolved        chmodr: '~0.1.0',
87 silly resolved        'decompress-zip': '0.0.6',
87 silly resolved        fstream: '~0.1.22',
87 silly resolved        'fstream-ignore': '0.0.6',
87 silly resolved        glob: '~4.0.2',
87 silly resolved        'graceful-fs': '~3.0.1',
87 silly resolved        handlebars: '~1.3.0',
87 silly resolved        inquirer: '~0.5.1',
87 silly resolved        insight: '~0.4.1',
87 silly resolved        'is-root': '~0.1.0',
87 silly resolved        junk: '~0.3.0',
87 silly resolved        lockfile: '~0.4.2',
87 silly resolved        'lru-cache': '~2.5.0',
87 silly resolved        mkdirp: '~0.5.0',
87 silly resolved        mout: '~0.9.1',
87 silly resolved        nopt: '~3.0.0',
87 silly resolved        opn: '~0.1.1',
87 silly resolved        osenv: '~0.1.0',
87 silly resolved        'p-throttler': '0.0.1',
87 silly resolved        promptly: '~0.2.0',
87 silly resolved        q: '~1.0.1',
87 silly resolved        request: '~2.36.0',
87 silly resolved        'request-progress': '~0.3.0',
87 silly resolved        retry: '~0.6.0',
87 silly resolved        rimraf: '~2.2.0',
87 silly resolved        semver: '~2.3.0',
87 silly resolved        'shell-quote': '~1.4.1',
87 silly resolved        'stringify-object': '~0.2.0',
87 silly resolved        tar: '~0.1.17',
87 silly resolved        tmp: '0.0.23',
87 silly resolved        'update-notifier': '~0.2.0',
87 silly resolved        which: '~1.0.5' },
87 silly resolved     devDependencies:
87 silly resolved      { coveralls: '~2.11.0',
87 silly resolved        'expect.js': '~0.3.1',
87 silly resolved        grunt: '~0.4.4',
87 silly resolved        'grunt-contrib-jshint': '~0.10.0',
87 silly resolved        'grunt-contrib-watch': '~0.6.1',
87 silly resolved        'grunt-exec': '~0.4.2',
87 silly resolved        'grunt-simple-mocha': '~0.4.0',
87 silly resolved        istanbul: '~0.2.4',
87 silly resolved        'load-grunt-tasks': '~0.6.0',
87 silly resolved        mocha: '~1.20.1',
87 silly resolved        nock: '~0.41.0',
87 silly resolved        'node-uuid': '~1.4.1',
87 silly resolved        proxyquire: '~1.0.1' },
87 silly resolved     scripts: { test: 'grunt test' },
87 silly resolved     bin: { bower: 'bin/bower' },
87 silly resolved     preferGlobal: true,
87 silly resolved     gitHead: 'a069d1e07d46b81c5a69e391506028f9b076b39d',
87 silly resolved     bugs: { url: 'https://github.com/bower/bower/issues' },
87 silly resolved     _id: 'bower@1.3.9',
87 silly resolved     _shasum: '786d4addfc523e875089ccc1ef8d5a6d6e91a2c6',
87 silly resolved     _from: 'bower@',
87 silly resolved     _npmVersion: '1.4.14',
87 silly resolved     _npmUser: { name: 'sindresorhus', email: 'sindresorhus@gmail.com' },
87 silly resolved     maintainers: [ [Object], [Object], [Object], [Object], [Object], [Object] ],
87 silly resolved     dist:
87 silly resolved      { shasum: '786d4addfc523e875089ccc1ef8d5a6d6e91a2c6',
87 silly resolved        tarball: 'http://registry.npmjs.org/bower/-/bower-1.3.9.tgz' },
87 silly resolved     directories: {},
87 silly resolved     _resolved: 'https://registry.npmjs.org/bower/-/bower-1.3.9.tgz' } ]
88 info install grunt-cli@0.1.13 into /usr/local/lib
89 info install bower@1.3.9 into /usr/local/lib
90 info installOne grunt-cli@0.1.13
91 info installOne bower@1.3.9
92 verbose lib/node_modules/grunt-cli unbuild
93 verbose lib/node_modules/bower unbuild
94 verbose tar unpack /Users/Emma01/.npm/grunt-cli/0.1.13/package.tgz
95 silly lockFile 466968dc-local-lib-node-modules-grunt-cli tar:///usr/local/lib/node_modules/grunt-cli
96 verbose lock tar:///usr/local/lib/node_modules/grunt-cli /Users/Emma01/.npm/466968dc-local-lib-node-modules-grunt-cli.lock
97 silly lockFile 893128d8-npm-grunt-cli-0-1-13-package-tgz tar:///Users/Emma01/.npm/grunt-cli/0.1.13/package.tgz
98 verbose lock tar:///Users/Emma01/.npm/grunt-cli/0.1.13/package.tgz /Users/Emma01/.npm/893128d8-npm-grunt-cli-0-1-13-package-tgz.lock
99 verbose tar unpack /Users/Emma01/.npm/bower/1.3.9/package.tgz
100 silly lockFile 1396471b-usr-local-lib-node-modules-bower tar:///usr/local/lib/node_modules/bower
101 verbose lock tar:///usr/local/lib/node_modules/bower /Users/Emma01/.npm/1396471b-usr-local-lib-node-modules-bower.lock
102 silly lockFile 5de31bed-ma01-npm-bower-1-3-9-package-tgz tar:///Users/Emma01/.npm/bower/1.3.9/package.tgz
103 verbose lock tar:///Users/Emma01/.npm/bower/1.3.9/package.tgz /Users/Emma01/.npm/5de31bed-ma01-npm-bower-1-3-9-package-tgz.lock
104 silly gunzTarPerm modes [ '755', '644' ]
105 silly gunzTarPerm modes [ '755', '644' ]
106 error Error: EACCES, mkdir '/usr/local/lib/node_modules/grunt-cli'
106 error  { [Error: EACCES, mkdir '/usr/local/lib/node_modules/grunt-cli']
106 error   errno: 3,
106 error   code: 'EACCES',
106 error   path: '/usr/local/lib/node_modules/grunt-cli',
106 error   fstream_type: 'Directory',
106 error   fstream_path: '/usr/local/lib/node_modules/grunt-cli',
106 error   fstream_class: 'DirWriter',
106 error   fstream_stack:
106 error    [ '/usr/local/lib/node_modules/npm/node_modules/fstream/lib/dir-writer.js:36:23',
106 error      '/usr/local/lib/node_modules/npm/node_modules/mkdirp/index.js:46:53',
106 error      'Object.oncomplete (fs.js:107:15)' ] }
107 error Please try running this command again as root/Administrator.
108 error System Darwin 13.2.0
109 error command "node" "/usr/local/bin/npm" "install" "-g" "bower" "grunt-cli"
110 error cwd /Users/Emma01/Sincuru/new/site
111 error node -v v0.10.31
112 error npm -v 1.4.23
113 error path /usr/local/lib/node_modules/grunt-cli
114 error fstream_path /usr/local/lib/node_modules/grunt-cli
115 error fstream_type Directory
116 error fstream_class DirWriter
117 error code EACCES
118 error errno 3
119 error stack Error: EACCES, mkdir '/usr/local/lib/node_modules/grunt-cli'
120 error fstream_stack /usr/local/lib/node_modules/npm/node_modules/fstream/lib/dir-writer.js:36:23
120 error fstream_stack /usr/local/lib/node_modules/npm/node_modules/mkdirp/index.js:46:53
120 error fstream_stack Object.oncomplete (fs.js:107:15)
121 verbose exit [ 3, true ]
